<?xml version="1.0" encoding="UTF-8"?>
<testng-results skipped="0" failed="0" ignored="0" total="1" passed="1">
  <reporter-output>
  </reporter-output>
  <suite name="Default suite" duration-ms="138046" started-at="2018-03-11T06:41:23Z" finished-at="2018-03-11T06:43:41Z">
    <groups>
    </groups>
    <test name="Default test" duration-ms="138046" started-at="2018-03-11T06:41:23Z" finished-at="2018-03-11T06:43:41Z">
      <class name="idp.hcIndia.testScript.SearchResults">
        <test-method status="PASS" signature="initializeReport()[pri:0, instance:idp.hcIndia.testScript.SearchResults@4883b407]" name="initializeReport" is-config="true" duration-ms="2973" started-at="2018-03-11T12:11:23Z" finished-at="2018-03-11T12:11:26Z">
          <reporter-output>
          </reporter-output>
        </test-method> <!-- initializeReport -->
        <test-method status="PASS" signature="openbrow()[pri:0, instance:idp.hcIndia.testScript.SearchResults@4883b407]" name="openbrow" is-config="true" duration-ms="55139" started-at="2018-03-11T12:11:26Z" finished-at="2018-03-11T12:12:21Z">
          <reporter-output>
          </reporter-output>
        </test-method> <!-- openbrow -->
        <test-method status="PASS" signature="searchresultchecking()[pri:0, instance:idp.hcIndia.testScript.SearchResults@4883b407]" name="searchresultchecking" duration-ms="60127" started-at="2018-03-11T12:12:21Z" finished-at="2018-03-11T12:13:21Z">
          <reporter-output>
          </reporter-output>
        </test-method> <!-- searchresultchecking -->
        <test-method status="PASS" signature="closebrow()[pri:0, instance:idp.hcIndia.testScript.SearchResults@4883b407]" name="closebrow" is-config="true" duration-ms="18115" started-at="2018-03-11T12:13:21Z" finished-at="2018-03-11T12:13:39Z">
          <reporter-output>
          </reporter-output>
        </test-method> <!-- closebrow -->
        <test-method status="PASS" signature="closeReport()[pri:0, instance:idp.hcIndia.testScript.SearchResults@4883b407]" name="closeReport" is-config="true" duration-ms="1584" started-at="2018-03-11T12:13:39Z" finished-at="2018-03-11T12:13:41Z">
          <reporter-output>
          </reporter-output>
        </test-method> <!-- closeReport -->
      </class> <!-- idp.hcIndia.testScript.SearchResults -->
    </test> <!-- Default test -->
  </suite> <!-- Default suite -->
</testng-results>
